  • electron-builder  version=24.13.3 os=10.0.26200
  • loaded configuration  file=C:\Users\charl\Desktop\YVI\electron-builder.yml
  • rebuilding native dependencies  dependencies=keytar@7.9.0 platform=win32 arch=x64
  • install prebuilt binary  name=keytar version=7.9.0 platform=win32 arch=x64 napi= 
  • packaging       platform=win32 arch=x64 electron=29.4.6 appOutDir=dist\win-unpacked
  ⨯ remove C:\Users\charl\Desktop\YVI\dist\win-unpacked\resources\app\node_modules\localtunnel\node_modules\yargs-parser\build\lib\tokenize-arg-string.js: The process cannot access the file because it is being used by another process.
github.com/develar/go-fs-util.EnsureEmptyDir
	/Volumes/data/go/pkg/mod/github.com/develar/go-fs-util@v0.0.0-20190620175131-69a2d4542206/fs.go:98
github.com/develar/app-builder/pkg/electron.UnpackElectron.func1.1
	/Volumes/data/Documents/app-builder/pkg/electron/electronUnpack.go:38
github.com/develar/app-builder/pkg/util.MapAsyncConcurrency.func2
	/Volumes/data/Documents/app-builder/pkg/util/async.go:68
runtime.goexit
	/usr/local/Cellar/go/1.17/libexec/src/runtime/asm_amd64.s:1581  
  ⨯ C:\Users\charl\Desktop\YVI\node_modules\app-builder-bin\win\x64\app-builder.exe process failed ERR_ELECTRON_BUILDER_CANNOT_EXECUTE
Exit code:
1  failedTask=build stackTrace=Error: C:\Users\charl\Desktop\YVI\node_modules\app-builder-bin\win\x64\app-builder.exe process failed ERR_ELECTRON_BUILDER_CANNOT_EXECUTE
Exit code:
1
    at ChildProcess.<anonymous> (C:\Users\charl\Desktop\YVI\node_modules\builder-util\src\util.ts:252:14)
    at Object.onceWrapper (node:events:623:26)
    at ChildProcess.emit (node:events:508:28)
    at ChildProcess.cp.emit (C:\Users\charl\Desktop\YVI\node_modules\cross-spawn\lib\enoent.js:34:29)
    at maybeClose (node:internal/child_process:1101:16)
    at Process.ChildProcess._handle.onexit (node:internal/child_process:305:5)
